SF:lib/features/top_up/domain/entities/top_up_option.dart
DA:13,1
DA:14,1
LF:2
LH:2
end_of_record
SF:lib/features/top_up/domain/entities/top_up_option.g.dart
DA:9,1
DA:10,1
DA:11,2
DA:12,1
DA:15,1
DA:16,1
DA:17,1
DA:18,1
LF:8
LH:8
end_of_record
SF:lib/features/beneficiaries/domain/models/beneficiary_model.dart
DA:16,0
DA:17,0
DA:18,0
DA:19,0
DA:20,0
DA:21,0
DA:22,0
LF:7
LH:0
end_of_record
SF:lib/features/beneficiaries/domain/usecases/get_beneficiaries_usecase.dart
DA:7,1
DA:9,1
DA:10,2
LF:3
LH:3
end_of_record
SF:lib/features/beneficiaries/data/entities/beneficiary_entity.dart
DA:16,0
DA:17,0
LF:2
LH:0
end_of_record
SF:lib/features/beneficiaries/data/entities/beneficiary_entity.g.dart
DA:9,0
DA:11,0
DA:12,0
DA:13,0
DA:14,0
DA:15,0
DA:16,0
DA:19,0
DA:21,0
DA:22,0
DA:23,0
DA:24,0
DA:25,0
DA:26,0
LF:14
LH:0
end_of_record
SF:lib/features/beneficiaries/domain/usecases/add_beneficiary_usecase.dart
DA:6,1
DA:8,1
DA:12,1
DA:13,1
DA:15,1
DA:16,1
DA:19,2
LF:7
LH:7
end_of_record
SF:lib/features/beneficiaries/domain/usecases/remove_beneficiary_usecase.dart
DA:6,1
DA:8,1
DA:9,1
DA:10,1
DA:13,2
LF:5
LH:5
end_of_record
SF:lib/features/beneficiaries/domain/entities/beneficiary.dart
DA:16,1
DA:17,1
LF:2
LH:2
end_of_record
SF:lib/features/beneficiaries/domain/entities/beneficiary.g.dart
DA:9,1
DA:10,1
DA:11,1
DA:12,1
DA:13,1
DA:14,2
DA:15,2
DA:18,1
DA:19,1
DA:20,1
DA:21,1
DA:22,1
DA:23,1
DA:24,1
LF:14
LH:14
end_of_record
